<?xml version="1.0" encoding="UTF-8"?>
<testsuite name="Cucumber" time="187.498" tests="4" skipped="0" failures="0" errors="0">
<testcase classname="feature to test login fuctionality" name="Check login is successful with valid credential - Example #1.1" time="74.26">
<system-out><![CDATA[
Given User is on login page.................................................passed
When User enters username and password......................................passed
Then clicks on login button.................................................passed
And user is navigated to home page..........................................passed
]]></system-out>
</testcase>
<testcase classname="feature to test login fuctionality" name="Check login is successful with valid credential - Example #1.2" time="27.271">
<system-out><![CDATA[
Given User is on login page.................................................passed
When User enters username and password......................................passed
Then clicks on login button.................................................passed
And user is navigated to home page..........................................passed
]]></system-out>
</testcase>
<testcase classname="feature to test login fuctionality" name="Check login is successful with valid credential - Example #1.3" time="37.372">
<system-out><![CDATA[
Given User is on login page.................................................passed
When User enters username and password......................................passed
Then clicks on login button.................................................passed
And user is navigated to home page..........................................passed
]]></system-out>
</testcase>
<testcase classname="feature to test login fuctionality" name="Check login is successful with valid credential - Example #1.4" time="48.331">
<system-out><![CDATA[
Given User is on login page.................................................passed
When User enters username and password......................................passed
Then clicks on login button.................................................passed
And user is navigated to home page..........................................passed
]]></system-out>
</testcase>
</testsuite>
